Analyzing Rocket
Enter the name of the CPU or type 'exit' to quit:  If consider the deployability on target FPGA, enter target FPGA series number 
 Otherwise, type SIM to ignore this LUTs: 3750, FFs: 7500, BRAM: 5, DSP: 10
Enter the configuration parameters: 
Enter the name of the parameter: Do you want to add more configuration parameters? (y/n): The existing supported RISC-V benchmarks for RocketChip are:
['dhrystone', 'cmark', 'median', 'memcpy', 'multiply', 'qsort', 'rsort', 'spmv', 'towers']
Enter the name of the RISC-V benchmark: There are four performance metrics available for this benchmark
exe_time, throughput, mcycles, minstret
Type the metric you want to consider, split by ,Do you want to add more benchmark? (y/n): 
<--------------Settings Summary------------->
CPU Name is RocketChip
Configurable Parameters ['icache_nSets']
Benchmark and Metrics include: 
Name: dhrystone Metrics : {'exe_time': False, 'throughput': False, 'mcycles': True, 'minstret': True}
CPU Name: RocketChip
---------------Analyse Weights Mode---------------
test [2, 'DefaultFPU', 'DefaultMulDiv', 'WithDefaultBtb', 64, 1, 1, 4, 64, 1, 1, 4, 'true', 'true', 'true']
stored config ['1' 'DefaultFPU' 'DefaultMulDiv' 'WithDefaultBtb' '64' '1' '1' '4' '64'
 '1' '1' '4' 'true' 'true' 'true']
Integer Distance: 1.206 Categorical Distance: 0
New best distance: 1.206
config_0
