Copyright 1986-2022 Xilinx, Inc. All Rights Reserved. Copyright 2022-2023 Advanced Micro Devices, Inc. All Rights Reserved.
-------------------------------------------------------------------------------------------------------------------------------------------------
| Tool Version     : Vivado v.2023.2 (lin64) Build 4029153 Fri Oct 13 20:13:54 MDT 2023
| Date             : Wed Oct  9 02:07:49 2024
| Host             : Precision-Tower-5810 running 64-bit Ubuntu 22.04.4 LTS
| Command          : report_power -file ../../Logs/Syn_Report/BOOM_power_synth.rpt
| Design           : ChipTop
| Device           : xczu19eg-ffvc1760-2-i
| Design State     : synthesized
| Grade            : industrial
| Process          : typical
| Characterization : Production
-------------------------------------------------------------------------------------------------------------------------------------------------

Power Report

Table of Contents
-----------------
1. Summary
1.1 On-Chip Components
1.2 Power Supply Summary
1.3 Confidence Level
2. Settings
2.1 Environment
2.2 Clock Constraints
3. Detailed Reports
3.1 By Hierarchy

1. Summary
----------

+--------------------------+--------------+
| Total On-Chip Power (W)  | 1.547        |
| Design Power Budget (W)  | Unspecified* |
| Power Budget Margin (W)  | NA           |
| Dynamic (W)              | 0.438        |
| Device Static (W)        | 1.109        |
| Effective TJA (C/W)      | 0.7          |
| Max Ambient (C)          | 98.9         |
| Junction Temperature (C) | 26.1         |
| Confidence Level         | Low          |
| Setting File             | ---          |
| Simulation Activity File | ---          |
| Design Nets Matched      | NA           |
+--------------------------+--------------+
* Specify Design Power Budget using, set_operating_conditions -design_power_budget <value in Watts>


1.1 On-Chip Components
----------------------

+--------------------------+-----------+----------+-----------+-----------------+
| On-Chip                  | Power (W) | Used     | Available | Utilization (%) |
+--------------------------+-----------+----------+-----------+-----------------+
| Clocks                   |     0.076 |        3 |       --- |             --- |
| CLB Logic                |     0.112 |   156290 |       --- |             --- |
|   LUT as Logic           |     0.082 |    78097 |    522720 |           14.94 |
|   LUT as Distributed RAM |     0.026 |     4660 |    161280 |            2.89 |
|   Register               |     0.002 |    52341 |   1045440 |            5.01 |
|   CARRY8                 |     0.001 |      980 |     65340 |            1.50 |
|   LUT as Shift Register  |    <0.001 |       48 |    161280 |            0.03 |
|   BUFG                   |    <0.001 |        2 |        88 |            2.27 |
|   Others                 |     0.000 |      940 |       --- |             --- |
|   F7/F8 Muxes            |     0.000 |     8617 |    522720 |            1.65 |
| Signals                  |     0.080 |   125342 |       --- |             --- |
| Block RAM                |     0.053 |      145 |       984 |           14.74 |
| DSPs                     |     0.008 |       61 |      1968 |            3.10 |
| I/O                      |     0.109 |      362 |       512 |           70.70 |
| Static Power             |     1.109 |          |           |                 |
| Total                    |     1.547 |          |           |                 |
+--------------------------+-----------+----------+-----------+-----------------+


1.2 Power Supply Summary
------------------------

+-----------------+-------------+-----------+-------------+------------+-------------+-------------+------------+
| Source          | Voltage (V) | Total (A) | Dynamic (A) | Static (A) | Powerup (A) | Budget (A)  | Margin (A) |
+-----------------+-------------+-----------+-------------+------------+-------------+-------------+------------+
| Vccint          |       0.850 |     0.687 |       0.383 |      0.303 |       NA    | Unspecified | NA         |
| Vccint_io       |       0.850 |     0.098 |       0.002 |      0.096 |       NA    | Unspecified | NA         |
| Vccbram         |       0.850 |     0.008 |       0.004 |      0.004 |       NA    | Unspecified | NA         |
| Vccaux          |       1.800 |     0.338 |       0.000 |      0.338 |       NA    | Unspecified | NA         |
| Vccaux_io       |       1.800 |     0.115 |       0.043 |      0.073 |       NA    | Unspecified | NA         |
| Vcco33          |       3.300 |     0.000 |       0.000 |      0.000 |       NA    | Unspecified | NA         |
| Vcco25          |       2.500 |     0.000 |       0.000 |      0.000 |       NA    | Unspecified | NA         |
| Vcco18          |       1.800 |     0.017 |       0.017 |      0.000 |       NA    | Unspecified | NA         |
| Vcco15          |       1.500 |     0.000 |       0.000 |      0.000 |       NA    | Unspecified | NA         |
| Vcco135         |       1.350 |     0.000 |       0.000 |      0.000 |       NA    | Unspecified | NA         |
| Vcco12          |       1.200 |     0.000 |       0.000 |      0.000 |       NA    | Unspecified | NA         |
| Vcco10          |       1.000 |     0.000 |       0.000 |      0.000 |       NA    | Unspecified | NA         |
| Vccadc          |       1.800 |     0.008 |       0.000 |      0.008 |       NA    | Unspecified | NA         |
| VCC_PSINTFP     |       0.850 |     0.000 |       0.000 |      0.000 |       NA    | Unspecified | NA         |
| VCC_PSINTLP     |       0.850 |     0.005 |       0.000 |      0.005 |       NA    | Unspecified | NA         |
| VPS_MGTRAVCC    |       0.850 |     0.000 |       0.000 |      0.000 |       NA    | Unspecified | NA         |
| VCC_PSINTFP_DDR |       0.850 |     0.000 |       0.000 |      0.000 |       NA    | Unspecified | NA         |
| VCC_PSPLL       |       1.200 |     0.002 |       0.000 |      0.002 |       NA    | Unspecified | NA         |
| VPS_MGTRAVTT    |       1.800 |     0.000 |       0.000 |      0.000 |       NA    | Unspecified | NA         |
| VCCO_PSDDR_504  |       1.200 |     0.000 |       0.000 |      0.000 |       NA    | Unspecified | NA         |
| VCC_PSAUX       |       1.800 |     0.002 |       0.000 |      0.002 |       NA    | Unspecified | NA         |
| VCC_PSBATT      |       1.200 |     0.000 |       0.000 |      0.000 |       NA    | Unspecified | NA         |
| VCC_PSDDR_PLL   |       1.800 |     0.000 |       0.000 |      0.000 |       NA    | Unspecified | NA         |
| VCCO_PSIO0_500  |       3.300 |     0.000 |       0.000 |      0.000 |       NA    | Unspecified | NA         |
| VCCO_PSIO1_501  |       3.300 |     0.000 |       0.000 |      0.000 |       NA    | Unspecified | NA         |
| VCCO_PSIO2_502  |       3.300 |     0.000 |       0.000 |      0.000 |       NA    | Unspecified | NA         |
| VCCO_PSIO3_503  |       3.300 |     0.000 |       0.000 |      0.000 |       NA    | Unspecified | NA         |
| VCC_PSADC       |       1.800 |     0.002 |       0.000 |      0.002 |       NA    | Unspecified | NA         |
| MGTAVcc         |       0.900 |     0.000 |       0.000 |      0.000 |       NA    | Unspecified | NA         |
| MGTAVtt         |       1.200 |     0.000 |       0.000 |      0.000 |       NA    | Unspecified | NA         |
| MGTVccaux       |       1.800 |     0.000 |       0.000 |      0.000 |       NA    | Unspecified | NA         |
| MGTYAVcc        |       0.900 |     0.000 |       0.000 |      0.000 |       NA    | Unspecified | NA         |
| MGTYAVtt        |       1.200 |     0.000 |       0.000 |      0.000 |       NA    | Unspecified | NA         |
| MGTYVccaux      |       1.800 |     0.000 |       0.000 |      0.000 |       NA    | Unspecified | NA         |
+-----------------+-------------+-----------+-------------+------------+-------------+-------------+------------+


1.3 Confidence Level
--------------------

+-----------------------------+------------+--------------------------------------------------------+------------------------------------------------------------------------------------------------------------+
| User Input Data             | Confidence | Details                                                | Action                                                                                                     |
+-----------------------------+------------+--------------------------------------------------------+------------------------------------------------------------------------------------------------------------+
| Design implementation state | Low        | Design is synthesized                                  | Accuracy of the tool is not optimal until design is fully placed and routed                                |
| Clock nodes activity        | High       | User specified more than 95% of clocks                 |                                                                                                            |
| I/O nodes activity          | Low        | More than 75% of inputs are missing user specification | Provide missing input activity with simulation results or by editing the "By Resource Type -> I/Os" view   |
| Internal nodes activity     | Medium     | User specified less than 25% of internal nodes         | Provide missing internal nodes activity with simulation results or by editing the "By Resource Type" views |
| Device models               | High       | Device models are Production                           |                                                                                                            |
|                             |            |                                                        |                                                                                                            |
| Overall confidence level    | Low        |                                                        |                                                                                                            |
+-----------------------------+------------+--------------------------------------------------------+------------------------------------------------------------------------------------------------------------+


2. Settings
-----------

2.1 Environment
---------------

+-----------------------+--------------------------+
| Ambient Temp (C)      | 25.0                     |
| ThetaJA (C/W)         | 0.7                      |
| Airflow (LFM)         | 250                      |
| Heat Sink             | medium (Medium Profile)  |
| ThetaSA (C/W)         | 0.9                      |
| Board Selection       | medium (10"x10")         |
| # of Board Layers     | 12to15 (12 to 15 Layers) |
| Board Temperature (C) | 25.0                     |
+-----------------------+--------------------------+


2.2 Clock Constraints
---------------------

+-------+--------------+-----------------+
| Clock | Domain       | Constraint (ns) |
+-------+--------------+-----------------+
| clock | clock_uncore |            20.0 |
+-------+--------------+-----------------+


3. Detailed Reports
-------------------

3.1 By Hierarchy
----------------

+----------------------------------------------+-----------+
| Name                                         | Power (W) |
+----------------------------------------------+-----------+
| ChipTop                                      |     0.438 |
|   system                                     |     0.329 |
|     bank                                     |     0.012 |
|       buffer                                 |     0.003 |
|       ram                                    |     0.009 |
|     cbus                                     |     0.008 |
|       atomics                                |     0.001 |
|       buffer                                 |     0.002 |
|       coupler_to_bootrom                     |     0.001 |
|       coupler_to_debug                       |     0.001 |
|     coh_wrapper                              |     0.070 |
|       cork                                   |     0.001 |
|       l2                                     |     0.068 |
|     fbus                                     |     0.004 |
|       buffer                                 |     0.002 |
|       coupler_from_port_named_serial_tl_0_in |     0.002 |
|     mbus                                     |     0.003 |
|       buffer_1                               |     0.002 |
|     pbus                                     |     0.005 |
|       buffer                                 |     0.002 |
|       buffer_1                               |     0.001 |
|     sbus                                     |     0.001 |
|       system_bus_xbar                        |     0.001 |
|     serial_tl_domain                         |     0.005 |
|       phy                                    |     0.004 |
|       serdesser                              |     0.001 |
|     tile_prci_domain                         |     0.212 |
|       buffer                                 |     0.003 |
|       element_reset_domain_boom_tile         |     0.210 |
|     tlDM                                     |     0.004 |
|       dmInner                                |     0.004 |
+----------------------------------------------+-----------+


