Copyright 1986-2022 Xilinx, Inc. All Rights Reserved. Copyright 2022-2023 Advanced Micro Devices, Inc. All Rights Reserved.
---------------------------------------------------------------------------------------------------------------------------------------------
| Tool Version : Vivado v.2023.2 (lin64) Build 4029153 Fri Oct 13 20:13:54 MDT 2023
| Date         : Thu Dec 12 02:39:08 2024
| Host         : Precision-Tower-5810 running 64-bit Ubuntu 22.04.4 LTS
| Command      : report_utilization -file ../../Logs/Syn_Report/RocketChip_utilization_synth.rpt
| Design       : DigitalTop
| Device       : xczu19eg-ffvc1760-2-i
| Speed File   : -2
| Design State : Synthesized
---------------------------------------------------------------------------------------------------------------------------------------------

Utilization Design Information

Table of Contents
-----------------
1. CLB Logic
1.1 Summary of Registers by Type
2. BLOCKRAM
3. ARITHMETIC
4. I/O
5. CLOCK
6. ADVANCED
7. CONFIGURATION
8. Primitives
9. Black Boxes
10. Instantiated Netlists

1. CLB Logic
------------

+----------------------------+-------+-------+------------+-----------+-------+
|          Site Type         |  Used | Fixed | Prohibited | Available | Util% |
+----------------------------+-------+-------+------------+-----------+-------+
| CLB LUTs*                  | 69857 |     0 |          0 |    522720 | 13.36 |
|   LUT as Logic             | 61923 |     0 |          0 |    522720 | 11.85 |
|   LUT as Memory            |  7934 |     0 |          0 |    161280 |  4.92 |
|     LUT as Distributed RAM |  7932 |     0 |            |           |       |
|     LUT as Shift Register  |     2 |     0 |            |           |       |
| CLB Registers              | 26388 |     0 |          0 |   1045440 |  2.52 |
|   Register as Flip Flop    | 26388 |     0 |          0 |   1045440 |  2.52 |
|   Register as Latch        |     0 |     0 |          0 |   1045440 |  0.00 |
| CARRY8                     |   925 |     0 |          0 |     65340 |  1.42 |
| F7 Muxes                   |  2774 |     0 |          0 |    261360 |  1.06 |
| F8 Muxes                   |   347 |     0 |          0 |    130680 |  0.27 |
| F9 Muxes                   |     0 |     0 |          0 |     65340 |  0.00 |
+----------------------------+-------+-------+------------+-----------+-------+
* Warning! The Final LUT count, after physical optimizations and full implementation, is typically lower. Run opt_design after synthesis, if not already completed, for a more realistic count.
Warning! LUT value is adjusted to account for LUT combining.


1.1 Summary of Registers by Type
--------------------------------

+-------+--------------+-------------+--------------+
| Total | Clock Enable | Synchronous | Asynchronous |
+-------+--------------+-------------+--------------+
| 0     |            _ |           - |            - |
| 0     |            _ |           - |          Set |
| 0     |            _ |           - |        Reset |
| 0     |            _ |         Set |            - |
| 0     |            _ |       Reset |            - |
| 0     |          Yes |           - |            - |
| 6     |          Yes |           - |          Set |
| 534   |          Yes |           - |        Reset |
| 311   |          Yes |         Set |            - |
| 25537 |          Yes |       Reset |            - |
+-------+--------------+-------------+--------------+


2. BLOCKRAM
-----------

+-------------------+------+-------+------------+-----------+-------+
|     Site Type     | Used | Fixed | Prohibited | Available | Util% |
+-------------------+------+-------+------------+-----------+-------+
| Block RAM Tile    |  134 |     0 |          0 |       984 | 13.62 |
|   RAMB36/FIFO*    |  128 |     0 |          0 |       984 | 13.01 |
|     RAMB36E2 only |  128 |       |            |           |       |
|   RAMB18          |   12 |     0 |          0 |      1968 |  0.61 |
|     RAMB18E2 only |   12 |       |            |           |       |
| URAM              |    0 |     0 |          0 |       128 |  0.00 |
+-------------------+------+-------+------------+-----------+-------+
* Note: Each Block RAM Tile only has one FIFO logic available and therefore can accommodate only one FIFO36E2 or one FIFO18E2. However, if a FIFO18E2 occupies a Block RAM Tile, that tile can still accommodate a RAMB18E2


3. ARITHMETIC
-------------

+----------------+------+-------+------------+-----------+-------+
|    Site Type   | Used | Fixed | Prohibited | Available | Util% |
+----------------+------+-------+------------+-----------+-------+
| DSPs           |   42 |     0 |          0 |      1968 |  2.13 |
|   DSP48E2 only |   42 |       |            |           |       |
+----------------+------+-------+------------+-----------+-------+


4. I/O
------

+------------+------+-------+------------+-----------+-------+
|  Site Type | Used | Fixed | Prohibited | Available | Util% |
+------------+------+-------+------------+-----------+-------+
| Bonded IOB |  371 |     0 |          0 |       512 | 72.46 |
+------------+------+-------+------------+-----------+-------+


5. CLOCK
--------

+----------------------+------+-------+------------+-----------+-------+
|       Site Type      | Used | Fixed | Prohibited | Available | Util% |
+----------------------+------+-------+------------+-----------+-------+
| GLOBAL CLOCK BUFFERs |    4 |     0 |          0 |       940 |  0.43 |
|   BUFGCE             |    4 |     0 |          0 |       280 |  1.43 |
|   BUFGCE_DIV         |    0 |     0 |          0 |        44 |  0.00 |
|   BUFG_GT            |    0 |     0 |          0 |       456 |  0.00 |
|   BUFG_PS            |    0 |     0 |          0 |        72 |  0.00 |
|   BUFGCTRL*          |    0 |     0 |          0 |        88 |  0.00 |
| PLL                  |    0 |     0 |          0 |        22 |  0.00 |
| MMCM                 |    0 |     0 |          0 |        11 |  0.00 |
+----------------------+------+-------+------------+-----------+-------+
* Note: Each used BUFGCTRL counts as two GLOBAL CLOCK BUFFERs. This table does not include global clocking resources, only buffer cell usage. See the Clock Utilization Report (report_clock_utilization) for detailed accounting of global clocking resource availability.


6. ADVANCED
-----------

+-----------------+------+-------+------------+-----------+-------+
|    Site Type    | Used | Fixed | Prohibited | Available | Util% |
+-----------------+------+-------+------------+-----------+-------+
| CMACE4          |    0 |     0 |          0 |         4 |  0.00 |
| GTHE4_CHANNEL   |    0 |     0 |          0 |        32 |  0.00 |
| GTHE4_COMMON    |    0 |     0 |          0 |         8 |  0.00 |
| GTYE4_CHANNEL   |    0 |     0 |          0 |        16 |  0.00 |
| GTYE4_COMMON    |    0 |     0 |          0 |         4 |  0.00 |
| ILKNE4          |    0 |     0 |          0 |         4 |  0.00 |
| OBUFDS_GTE4     |    0 |     0 |          0 |        24 |  0.00 |
| OBUFDS_GTE4_ADV |    0 |     0 |          0 |        24 |  0.00 |
| PCIE40E4        |    0 |     0 |          0 |         5 |  0.00 |
| PS8             |    0 |     0 |          0 |         1 |  0.00 |
| SYSMONE4        |    0 |     0 |          0 |         1 |  0.00 |
+-----------------+------+-------+------------+-----------+-------+


7. CONFIGURATION
----------------

+-------------+------+-------+------------+-----------+-------+
|  Site Type  | Used | Fixed | Prohibited | Available | Util% |
+-------------+------+-------+------------+-----------+-------+
| BSCANE2     |    0 |     0 |          0 |         4 |  0.00 |
| DNA_PORTE2  |    0 |     0 |          0 |         1 |  0.00 |
| EFUSE_USR   |    0 |     0 |          0 |         1 |  0.00 |
| FRAME_ECCE4 |    0 |     0 |          0 |         1 |  0.00 |
| ICAPE3      |    0 |     0 |          0 |         2 |  0.00 |
| MASTER_JTAG |    0 |     0 |          0 |         1 |  0.00 |
| STARTUPE3   |    0 |     0 |          0 |         1 |  0.00 |
+-------------+------+-------+------------+-----------+-------+


8. Primitives
-------------

+----------+-------+---------------------+
| Ref Name |  Used | Functional Category |
+----------+-------+---------------------+
| LUT6     | 34024 |                 CLB |
| FDRE     | 25537 |            Register |
| LUT5     | 14029 |                 CLB |
| LUT3     | 10548 |                 CLB |
| LUT4     |  8480 |                 CLB |
| RAMD64E  |  5272 |                 CLB |
| RAMD32   |  4586 |                 CLB |
| LUT2     |  4067 |                 CLB |
| MUXF7    |  2774 |                 CLB |
| CARRY8   |   925 |                 CLB |
| RAMS32   |   658 |                 CLB |
| FDCE     |   534 |            Register |
| LUT1     |   378 |                 CLB |
| MUXF8    |   347 |                 CLB |
| FDSE     |   311 |            Register |
| OBUF     |   241 |                 I/O |
| INBUF    |   130 |                 I/O |
| IBUFCTRL |   130 |              Others |
| RAMB36E2 |   128 |            BLOCKRAM |
| DSP48E2  |    42 |          Arithmetic |
| RAMB18E2 |    12 |            BLOCKRAM |
| FDPE     |     6 |            Register |
| BUFGCE   |     4 |               Clock |
| SRL16E   |     2 |                 CLB |
+----------+-------+---------------------+


9. Black Boxes
--------------

+----------+------+
| Ref Name | Used |
+----------+------+


10. Instantiated Netlists
-------------------------

+----------+------+
| Ref Name | Used |
+----------+------+


